<?xml version="1.0" encoding="UTF-8"?>
<testng-results skipped="0" failed="0" total="1" passed="1">
  <reporter-output>
  </reporter-output>
  <suite name="Default suite" duration-ms="20" started-at="2015-12-10T08:54:35Z" finished-at="2015-12-10T08:54:35Z">
    <groups>
    </groups>
    <test name="Default test" duration-ms="20" started-at="2015-12-10T08:54:35Z" finished-at="2015-12-10T08:54:35Z">
      <class name="com.aoyou.app.cases.case1">
        <test-method status="PASS" signature="test()[pri:0, instance:com.aoyou.app.cases.case1@188d2ae]" name="test" duration-ms="9" started-at="2015-12-10T16:54:35Z" finished-at="2015-12-10T16:54:35Z">
          <reporter-output>
          </reporter-output>
        </test-method> <!-- test -->
      </class> <!-- com.aoyou.app.cases.case1 -->
    </test> <!-- Default test -->
  </suite> <!-- Default suite -->
</testng-results>
